<?xml version="1.0" encoding="UTF-8"?>
<!-- Generated by org.testng.reporters.JUnitReportReporter -->
<testsuite hostname="DESKTOP-V1DBEFP" name="com.selenium.takeScreenshot.Screenshot" tests="1" failures="0" timestamp="22 Jan 2017 09:39:11 GMT" time="1.541" errors="0">
  <testcase name="checkPageTitle" time="1.541" classname="com.selenium.takeScreenshot.Screenshot"/>
</testsuite> <!-- com.selenium.takeScreenshot.Screenshot -->
