<?xml version="1.0" encoding="UTF-8"?>
<!-- Generated by org.testng.reporters.JUnitReportReporter -->
<testsuite hostname="DESKTOP-V1DBEFP" name="Shadow.DOM.ShadowDomExample" tests="1" failures="0" timestamp="25 Jan 2017 09:20:56 GMT" time="4.993" errors="0">
  <testcase name="testGetText_FromShadowDOMElements" time="4.993" classname="Shadow.DOM.ShadowDomExample"/>
</testsuite> <!-- Shadow.DOM.ShadowDomExample -->
