<?xml version="1.0" encoding="UTF-8"?>
<!-- Generated by org.testng.reporters.JUnitReportReporter -->
<testsuite hostname="DESKTOP-V1DBEFP" name="com.selenium.takeScreenshot.listner" tests="1" failures="0" timestamp="24 Jan 2017 11:53:48 GMT" time="0.025" errors="0">
  <testcase name="xxx" time="0.025" classname="com.selenium.takeScreenshot.listner"/>
</testsuite> <!-- com.selenium.takeScreenshot.listner -->
