<?xml version="1.0" encoding="UTF-8"?>
<!-- Generated by org.testng.reporters.JUnitReportReporter -->
<testsuite hostname="DESKTOP-V1DBEFP" name="selenium.properites.Scroolll" tests="3" failures="0" timestamp="26 Jan 2017 03:36:39 GMT" time="17.381" errors="0">
  <testcase name="scrollingToElementofAPage" time="6.801" classname="selenium.properites.Scroolll"/>
  <testcase name="scrollingByCoordinatesofAPage" time="4.752" classname="selenium.properites.Scroolll"/>
  <testcase name="scrollingToBottomofAPage" time="5.828" classname="selenium.properites.Scroolll"/>
</testsuite> <!-- selenium.properites.Scroolll -->
